2538	q2538	0.9850296514101945 "Execution failed for task ':app:compileDebugKotlin'. >Internal compiler error. See log for more details"," That is my build.gradle(app) file Please help. I have upgraded my Android Studio to 3.0.0 And this code is procured from Android Sample Code. I just tried importing all of it. The error is as follows : Try: Run with --info or --debug option to get more log output. Exception is: org.gradle.api.tasks.TaskExecutionException: Execution failed for task ':app:kaptDebugKotlin'. at org.gradle.api.internal.tasks.execution.ExecuteActionsTaskExecuter.executeActions(ExecuteActionsTaskExecuter.java:100) at org.gradle.api.internal.tasks.execution.ExecuteActionsTaskExecuter.execute(ExecuteActionsTaskExecuter.java:70) at org.gradle.api.internal.tasks.execution.SkipUpToDateTaskExecuter.execute(SkipUpToDateTaskExecuter.java:63) at org.gradle.api.internal.tasks.execution.ResolveTaskOutputCachingStateExecuter.execute(ResolveTaskOutputCachingStateExecuter.java:54) at org.gradle.api.internal.tasks.execution.ValidatingTaskExecuter.execute(ValidatingTaskExecuter.java:58) at org.gradle.api.internal.tasks.execution.SkipEmptySourceFilesTaskExecuter.execute(SkipEmptySourceFilesTaskExecuter.java:88) at org.gradle.api.internal.tasks.execution.ResolveTaskArtifactStateTaskExecuter.execute(ResolveTaskArtifactStateTaskExecuter.java:52) at org.gradle.api.internal.tasks.execution.SkipTaskWithNoActionsExecuter.execute(SkipTaskWithNoActionsExecuter.java:52) at org.gradle.api.internal.tasks.execution.SkipOnlyIfTaskExecuter.execute(SkipOnlyIfTaskExecuter.java:54) at org.gradle.api.internal.tasks.execution.ExecuteAtMostOnceTaskExecuter.execute(ExecuteAtMostOnceTaskExecuter.java:43) at org.gradle.api.internal.tasks.execution.CatchExceptionTaskExecuter.execute(CatchExceptionTaskExecuter.java:34) at org.gradle.execution.taskgraph.DefaultTaskGraphExecuter$EventFiringTaskWorker$1.run(DefaultTaskGraphExecuter.java:248) at org.gradle.internal.progress.DefaultBuildOperationExecutor$RunnableBuildOperationWorker.execute(DefaultBuildOperationExecutor.java:336) at org.gradle.internal.progress.DefaultBuildOperationExecutor$RunnableBuildOperationWorker.execute(DefaultBuildOperationExecutor.java:328) at org.gradle.internal.progress.DefaultBuildOperationExecutor.execute(DefaultBuildOperationExecutor.java:197) at org.gradle.internal.progress.DefaultBuildOperationExecutor.run(DefaultBuildOperationExecutor.java:107) at org.gradle.execution.taskgraph.DefaultTaskGraphExecuter$EventFiringTaskWorker.execute(DefaultTaskGraphExecuter.java:241) at org.gradle.execution.taskgraph.DefaultTaskGraphExecuter$EventFiringTaskWorker.execute(DefaultTaskGraphExecuter.java:230) at org.gradle.execution.taskgraph.DefaultTaskPlanExecutor$TaskExecutorWorker.processTask(DefaultTaskPlanExecutor.java:124) at org.gradle.execution.taskgraph.DefaultTaskPlanExecutor$TaskExecutorWorker.access$200(DefaultTaskPlanExecutor.java:80) at org.gradle.execution.taskgraph.DefaultTaskPlanExecutor$TaskExecutorWorker$1.execute(DefaultTaskPlanExecutor.java:105) at org.gradle.execution.taskgraph.DefaultTaskPlanExecutor$TaskExecutorWorker$1.execute(DefaultTaskPlanExecutor.java:99) at org.gradle.execution.taskgraph.DefaultTaskExecutionPlan.execute(DefaultTaskExecutionPlan.java:625) at org.gradle.execution.taskgraph.DefaultTaskExecutionPlan.executeWithTask(DefaultTaskExecutionPlan.java:580) at org.gradle.execution.taskgraph.DefaultTaskPlanExecutor$TaskExecutorWorker.run(DefaultTaskPlanExecutor.java:99) at org.gradle.execution.taskgraph.DefaultTaskPlanExecutor.process(DefaultTaskPlanExecutor.java:60) at org.gradle.execution.taskgraph.DefaultTaskGraphExecuter.execute(DefaultTaskGraphExecuter.java:128) at org.gradle.execution.SelectedTaskExecutionAction.execute(SelectedTaskExecutionAction.java:37) at org.gradle.execution.DefaultBuildExecuter.execute(DefaultBuildExecuter.java:37) at org.gradle.execution.DefaultBuildExecuter.access$000(DefaultBuildExecuter.java:23) at org.gradle.execution.DefaultBuildExecuter$1.proceed(DefaultBuildExecuter.java:43) at org.gradle.execution.DryRunBuildExecutionAction.execute(DryRunBuildExecutionAction.java:46) at org.gradle.execution.DefaultBuildExecuter.execute(DefaultBuildExecuter.java:37) at org.gradle.execution.DefaultBuildExecuter.execute(DefaultBuildExecuter.java:30) at org.gradle.initialization.DefaultGradleLauncher$ExecuteTasks.run(DefaultGradleLauncher.java:311) at org.gradle.internal.progress.DefaultBuildOperationExecutor$RunnableBuildOperationWorker.execute(DefaultBuildOperationExecutor.java:336) at org.gradle.internal.progress.DefaultBuildOperationExecutor$RunnableBuildOperationWorker.execute(DefaultBuildOperationExecutor.java:328) at org.gradle.internal.progress.DefaultBuildOperationExecutor.execute(DefaultBuildOperationExecutor.java:197) at org.gradle.internal.progress.DefaultBuildOperationExecutor.run(DefaultBuildOperationExecutor.java:107) at org.gradle.initialization.DefaultGradleLauncher.runTasks(DefaultGradleLauncher.java:202) at org.gradle.initialization.DefaultGradleLauncher.doBuildStages(DefaultGradleLauncher.java:132) at org.gradle.initialization.DefaultGradleLauncher.executeTasks(DefaultGradleLauncher.java:107) at org.gradle.internal.invocation.GradleBuildController$1.call(GradleBuildController.java:78) at org.gradle.internal.invocation.GradleBuildController$1.call(GradleBuildController.java:75) at org.gradle.internal.work.DefaultWorkerLeaseService.withLocks(DefaultWorkerLeaseService.java:152) at org.gradle.internal.invocation.GradleBuildController.doBuild(GradleBuildController.java:100) at org.gradle.internal.invocation.GradleBuildController.run(GradleBuildController.java:75) at org.gradle.tooling.internal.provider.runner.BuildModelActionRunner.run(BuildModelActionRunner.java:53) at org.gradle.launcher.exec.ChainingBuildActionRunner.run(ChainingBuildActionRunner.java:35) at org.gradle.launcher.exec.ChainingBuildActionRunner.run(ChainingBuildActionRunner.java:35) at org.gradle.tooling.internal.provider.ValidatingBuildActionRunner.run(ValidatingBuildActionRunner.java:32) at org.gradle.launcher.exec.RunAsBuildOperationBuildActionRunner$1.run(RunAsBuildOperationBuildActionRunner.java:43) at org.gradle.internal.progress.DefaultBuildOperationExecutor$RunnableBuildOperationWorker.execute(DefaultBuildOperationExecutor.java:336) at org.gradle.internal.progress.DefaultBuildOperationExecutor$RunnableBuildOperationWorker.execute(DefaultBuildOperationExecutor.java:328) at org.gradle.internal.progress.DefaultBuildOperationExecutor.execute(DefaultBuildOperationExecutor.java:197) at org.gradle.internal.progress.DefaultBuildOperationExecutor.run(DefaultBuildOperationExecutor.java:107) at org.gradle.launcher.exec.RunAsBuildOperationBuildActionRunner.run(RunAsBuildOperationBuildActionRunner.java:40) at org.gradle.tooling.internal.provider.SubscribableBuildActionRunner.run(SubscribableBuildActionRunner.java:51) at org.gradle.launcher.exec.InProcessBuildActionExecuter.execute(InProcessBuildActionExecuter.java:45) at org.gradle.launcher.exec.InProcessBuildActionExecuter.execute(InProcessBuildActionExecuter.java:29) at org.gradle.launcher.exec.BuildTreeScopeBuildActionExecuter.execute(BuildTreeScopeBuildActionExecuter.java:39) at org.gradle.launcher.exec.BuildTreeScopeBuildActionExecuter.execute(BuildTreeScopeBuildActionExecuter.java:25) at org.gradle.tooling.internal.provider.ContinuousBuildActionExecuter.execute(ContinuousBuildActionExecuter.java:71) at org.gradle.tooling.internal.provider.ContinuousBuildActionExecuter.execute(ContinuousBuildActionExecuter.java:45) at org.gradle.tooling.internal.provider.ServicesSetupBuildActionExecuter.execute(ServicesSetupBuildActionExecuter.java:51) at org.gradle.tooling.internal.provider.ServicesSetupBuildActionExecuter.execute(ServicesSetupBuildActionExecuter.java:32) at org.gradle.tooling.internal.provider.GradleThreadBuildActionExecuter.execute(GradleThreadBuildActionExecuter.java:36) at org.gradle.tooling.internal.provider.GradleThreadBuildActionExecuter.execute(GradleThreadBuildActionExecuter.java:25) at org.gradle.tooling.internal.provider.ParallelismConfigurationBuildActionExecuter.execute(ParallelismConfigurationBuildActionExecuter.java:43) at org.gradle.tooling.internal.provider.ParallelismConfigurationBuildActionExecuter.execute(ParallelismConfigurationBuildActionExecuter.java:29) at org.gradle.tooling.internal.provider.StartParamsValidatingActionExecuter.execute(StartParamsValidatingActionExecuter.java:64) at org.gradle.tooling.internal.provider.StartParamsValidatingActionExecuter.execute(StartParamsValidatingActionExecuter.java:29) at org.gradle.tooling.internal.provider.SessionFailureReportingActionExecuter.execute(SessionFailureReportingActionExecuter.java:55) at org.gradle.tooling.internal.provider.SessionFailureReportingActionExecuter.execute(SessionFailureReportingActionExecuter.java:42) at org.gradle.tooling.internal.provider.SetupLoggingActionExecuter.execute(SetupLoggingActionExecuter.java:58) at org.gradle.tooling.internal.provider.SetupLoggingActionExecuter.execute(SetupLoggingActionExecuter.java:33) at org.gradle.launcher.daemon.server.exec.ExecuteBuild.doBuild(ExecuteBuild.java:67) at org.gradle.launcher.daemon.server.exec.BuildCommandOnly.execute(BuildCommandOnly.java:36) at org.gradle.launcher.daemon.server.api.DaemonCommandExecution.proceed(DaemonCommandExecution.java:120) at org.gradle.launcher.daemon.server.exec.WatchForDisconnection.execute(WatchForDisconnection.java:37) at org.gradle.launcher.daemon.server.api.DaemonCommandExecution.proceed(DaemonCommandExecution.java:120) at org.gradle.launcher.daemon.server.exec.ResetDeprecationLogger.execute(ResetDeprecationLogger.java:26) at org.gradle.launcher.daemon.server.api.DaemonCommandExecution.proceed(DaemonCommandExecution.java:120) at org.gradle.launcher.daemon.server.exec.RequestStopIfSingleUsedDaemon.execute(RequestStopIfSingleUsedDaemon.java:34) at org.gradle.launcher.daemon.server.api.DaemonCommandExecution.proceed(DaemonCommandExecution.java:120) at org.gradle.launcher.daemon.server.exec.ForwardClientInput$2.call(ForwardClientInput.java:74) at org.gradle.launcher.daemon.server.exec.ForwardClientInput$2.call(ForwardClientInput.java:72) at org.gradle.util.Swapper.swap(Swapper.java:38) at org.gradle.launcher.daemon.server.exec.ForwardClientInput.execute(ForwardClientInput.java:72) at org.gradle.launcher.daemon.server.api.DaemonCommandExecution.proceed(DaemonCommandExecution.java:120) at org.gradle.launcher.daemon.server.exec.LogAndCheckHealth.execute(LogAndCheckHealth.java:55) at org.gradle.launcher.daemon.server.api.DaemonCommandExecution.proceed(DaemonCommandExecution.java:120) at org.gradle.launcher.daemon.server.exec.LogToClient.doBuild(LogToClient.java:62) at org.gradle.launcher.daemon.server.exec.BuildCommandOnly.execute(BuildCommandOnly.java:36) at org.gradle.launcher.daemon.server.api.DaemonCommandExecution.proceed(DaemonCommandExecution.java:120) at org.gradle.launcher.daemon.server.exec.EstablishBuildEnvironment.doBuild(EstablishBuildEnvironment.java:82) at org.gradle.launcher.daemon.server.exec.BuildCommandOnly.execute(BuildCommandOnly.java:36) at org.gradle.launcher.daemon.server.api.DaemonCommandExecution.proceed(DaemonCommandExecution.java:120) at org.gradle.launcher.daemon.server.exec.StartBuildOrRespondWithBusy$1.run(StartBuildOrRespondWithBusy.java:50) at org.gradle.launcher.daemon.server.DaemonStateCoordinator$1.run(DaemonStateCoordinator.java:297) at org.gradle.internal.concurrent.ExecutorPolicy$CatchAndRecordFailures.onExecute(ExecutorPolicy.java:63) at org.gradle.internal.concurrent.ManagedExecutorImpl$1.run(ManagedExecutorImpl.java:46) at org.gradle.internal.concurrent.ThreadFactoryImpl$ManagedThreadRunnable.run(ThreadFactoryImpl.java:55) Caused by: org.gradle.api.GradleException: Internal compiler error. See log for more details at org.jetbrains.kotlin.gradle.tasks.TasksUtilsKt.throwGradleExceptionIfError(tasksUtils.kt:9) at org.jetbrains.kotlin.gradle.internal.KaptTask.compile(KaptTask.kt:78) at org.gradle.internal.reflect.JavaMethod.invoke(JavaMethod.java:73) at org.gradle.api.internal.project.taskfactory.DefaultTaskClassInfoStore$StandardTaskAction.doExecute(DefaultTaskClassInfoStore.java:141) at org.gradle.api.internal.project.taskfactory.DefaultTaskClassInfoStore$StandardTaskAction.execute(DefaultTaskClassInfoStore.java:134) at org.gradle.api.internal.project.taskfactory.DefaultTaskClassInfoStore$StandardTaskAction.execute(DefaultTaskClassInfoStore.java:121) at org.gradle.api.internal.AbstractTask$TaskActionWrapper.execute(AbstractTask.java:731) at org.gradle.api.internal.AbstractTask$TaskActionWrapper.execute(AbstractTask.java:705) at org.gradle.api.internal.tasks.execution.ExecuteActionsTaskExecuter$1.run(ExecuteActionsTaskExecuter.java:122) at org.gradle.internal.progress.DefaultBuildOperationExecutor$RunnableBuildOperationWorker.execute(DefaultBuildOperationExecutor.java:336) at org.gradle.internal.progress.DefaultBuildOperationExecutor$RunnableBuildOperationWorker.execute(DefaultBuildOperationExecutor.java:328) at org.gradle.internal.progress.DefaultBuildOperationExecutor.execute(DefaultBuildOperationExecutor.java:197) at org.gradle.internal.progress.DefaultBuildOperationExecutor.run(DefaultBuildOperationExecutor.java:107) at org.gradle.api.internal.tasks.execution.ExecuteActionsTaskExecuter.executeAction(ExecuteActionsTaskExecuter.java:111) at org.gradle.api.internal.tasks.execution.ExecuteActionsTaskExecuter.executeActions(ExecuteActionsTaskExecuter.java:92) ... 102 more "
1739	q1739	0.9681606936553655 "How to solve: Error:Execution failed for task ':app:kaptDebugKotlin'?"," Please help me I've been staring at this same error for days. I'm running android studio 2.3 (I've also ran into this problem on android studio 3.0). This is what shows up in my Messages: This is what my log gives me for more details: My top level build.gradle: my app level build.gradle: apply plugin: 'com.android.application' apply plugin: 'kotlin-android' apply plugin: 'kotlin-android-extensions' apply plugin: 'kotlin-kapt' "
707	q707	0.9668261129844388 "Error:Execution failed for task ':app:compileDebugKotlin'. > Compilation error. See log for more details"," build:gradle(Module:app) build:gradle(Project) // Top-level build file where you can add configuration options common to all sub-projects/modules. Solution Tried: Invalidate Caches/Restart Build -> Clean Project Update kotlin plugin, used lastest version of kotlin, google apis. EDIT logErrors.txt "
4400	q4400	0.962942885417654 "Android 3.1 build gradle 4.4 error occurred configuring project ':app'"," When i build app to android studio 3.1 with emulator api<26 not error, but when i build api>26 error. i have not to use kotlin because not import kotlin,but build api>26 error. > kotlin.KotlinNullPointerException (no error message). com.android.build.gradle.tasks.ir.InstantRunMainApkResourcesBuilder$ConfigAction.execute(InstantRunMainApkResourcesBuilder.kt:129) Build gradle: Build gradle app: "
3337	q3337	0.9601436095789897 "org.gradle.api.tasks.TaskExecutionException: Execution failed for task ':app:compileDebugKotlin'"," I started making my app in Kotlin two days before and my app was running smoothly but the second day when I first opened the project and tried to run my app this Gradle error showed And when I saw in Run Tasks I saw this error Here is my build.gradle(module:app): Here is my build.gradle(project level): "
660	q660	0.9516153959208774 "Execution failed for task 'app:copyDebugAndroidTestKotlinClasses' - Android Kotlin Build Error"," I'm attempting to build a two module project with Kotlin and I'm running into this build error, but I'm not sure how to solve it in the slightest. My project build.gradle is as follows: My app module build.gradle And the build.gradle for my second module What could be causing this exception to appear? "
2649	q2649	0.9516153959208774 "Android studio kotlin plugin error"," In android studio im getting an error: Yesterday everything was fine. Gradle: Android studio version: 3.0.1 Build #AI-171.4443003 Even more: if i create new android project with kotlin support in fails with the same error. #EDIT1 Full root gradle build script. 1.1.60 does not help. Still same error. And still getting Even after updating to 1.1.60 "
9381	q9381	0.9510025090086603 "Force Android Studio to use gradle 4.1"," I have downloaded a previous version of Android Studio (3.0.1) since I must use the android gradle plugin version 3.0.1 and gradle 4.1. The code, and the other modules it depends on, were written using Android Studio 3.2, kotlin 1.3.10 and gradle version 4.10.2 When I try to synchronize the project with the older version of Android Studio (3.0.1) or running it says the minimum gradle version is 4.6 even though the gradle wrapper version is 4.1 and the gradle plugin version is 3.0.1. The kotlin version for all dependencies was set on 1.2.41 This is the error: How can I compile such project using older the older version? "
3386	q3386	0.9495740983137656 "Getting unresolved reference error in Kotlin Android Library Project"," I am getting unresolved reference error in Kotlin Android Library project. 1.) standard_kotlin_lib.jar --> contains: Kotlin classes, META-INF/standard_kotlin_lib.kotlin_module 2.) A.aar --> compiles only standard_kotlin_lib.jar file. After compilation, inside generated A.aar file’s classes.jar: META-INF/standard_kotlib_lib.kotlin_module is missing, infect whole META-INF is missing 3.) B.aar --> compiles A.aar. Here, kotlin source code importing classes define in “standard_kotlin_lib.jar”. Getting unresolved reference error at import B.aar <-- A.aar <-- standard_kotlin_lib.jar Tools Version: 1.) I am using android gradle plugin 3.0.0 and gradle version 4.3.0. With previous plugin version i.e. 2.2.3 and gradle version 3.2.1, this error was not coming. Kotlin version is 1.1.4 Issue I think: 1.) META-INF is missing inside A.aar file. When I manually copy the META-INF inside A.aar’s classes.jar, B.aar compiled successfully. "
8570	q8570	0.9448752607309671 "Can not build project android studio. ':app:transformClassesWithDexBuilderForDebug'"," I try to use Selenium library, but when compile selenium in gradle the project is not built. // when I add selenium , I can not build project FAILURE: Build failed with an exception. What went wrong: Execution failed for task ':app:transformClassesWithDexBuilderForDebug'. My Gradle is: "
1723	q1723	0.9434997742569565 "Android Studio 3 Kotlin version"," On start Android Studio 3 beta 2 i get this message: \"Your version of Kotlin runtime in 'kotlin-stdlib-1.1.4-2' library is 1.1.4-2, while plugin version is 1.1.4-release-Studio3.0-3. Runtime library should be updated to avoid compatibility problems.\" In buildscript (project level gradle) I already changed to I tried rebuilding and cleaning the project but none works, i still get that message on start. Gradle project level: Gradle app level: "
49	q49	0.9409147987906888 "Kotlin library 'classes.jar' has an unsupported format. Please update the library or the plugin"," This message appears on project sync. I've tried to clean and rebuild the project, but no success. I'm using latest plugin version 0.12.275, \"org.jetbrains.kotlin:kotlin-gradle-plugin:0.12.213\" and \"org.jetbrains.kotlin:kotlin-stdlib:0.12.213\" I've tried with the stable version 0.12.200 for both plugin and library, but I get the same error. I'm using Android Studio AI-141.1972460 (canary channel). "
5294	q5294	0.9409147987906888 "Execution failed for task ':app:kaptGenerateStubsDebugKotlin' when build android app with realm and kotlin"," I'm trying to use Realm in my Koltin app, but it fails. I found this question: Build fails when using 'kotlin-kapt' with Realm that seems to be my problem, but it didn't work. I got this stack trace when I run : The only command I couldn't run was because I'm on windows, but I did deleted the folder in my app folder. I also tried to uninstall and install Android Studio again. Nothing worked. Does anyone have any other suggestion? "
1145	q1145	0.940748280604086 "Attempt to migrate on canary 5"," I've try to migrate to android-studio 3 canary 5 and got this error In project I have 3 module , , and I tried add to and but the error appears all over. other In I added changed to and remove that is all what I did for migrate to new Android Studio. Please help me fix this error. update canary 7 problem not disappear "
1442	q1442	0.940748280604086 "Jenkins gradle build fail due to app:compileDebugKotlin"," I try to build my apk in Jenkins with the gradle-plugin, but it keeps failing due to The project is written in Kotlin In Jenkins I use the the default gradle wrapper after a succesfull svn checkout. The error: "
3942	q3942	0.9359533509337673 "Kotlin Gradle issue with app module"," This is my project structure. I use the Gradle Kotlin DSL. The problem is that \"My app module is not Gradle-based\", but it has the build.gradle.kts file. I added also the buildSrc to the app module, but it did not help. Project structure as: "
5097	q5097	0.9315148896137883 "I'm trying to upgrade Android old library to androidx (Android + Kotlin)"," but when I build it gives me an error recently android updated for kotlin and my android gradle vesion is 3.1.2 and kotlin version is 1.2.41 android studio 3.1.2 i'm targeting android p this is latest version so i can't find more documentation on this problem and please help me to find out this problem build.gradle(app) please help me what is problem I can't find out "
4565	q4565	0.9315148896137883 "Kotlin Android studio 3.1 NoClassDefFoundError"," I am using Kotlin to develop an android app and everything was working fine but from past two days, while running the app I am getting the following Error. in my projects build.gradle in app level build.gradle first it was stable android studio version 3.1 the issue started occuring and then updated it to canary 3.2 canary 9 but the issue still remains. "
1792	q1792	0.9303140325046123 "Error:(1, 0) Plugin with id 'kotlin-android-extensions' not found"," When i add this extensions in android studio preview, give me this error \"Error:(1, 0) Plugin with id 'kotlin-android-extensions' not found.\". My build gradle "
5816	q5816	0.9303140325046123 "Android Studio 3: latest plugin version installed but outdated runtime warning"," On my Android Studio 3.1.3 a new project with this : It gives this warning message: What are the steps for upgrading the kotlin runtime library that is outdated? My : "
3875	q3875	0.9279308384592986 "Unable to merge dex when a module is imported"," I know there are many questions on this, but I tried the solutions of most of them and neither of them worked. I have an app in which I have imported a module. When I try to run the app, I am getting Unable to merge dex exception. build.gradle (app module) build.gradel (imported module) build.gradle (project level) I have tried deleting the .gradle folder, cleaning the project and rebuilding it. Nothing works. I also tried using implementation instead of compile in the build.gradle of the imported module. Any help will be appreciated. Thanks in advance. "
3571	q3571	0.9276797273948014 "Kotlin library project Failed resolution of: [Lkotlin/reflect/KProperty"," I'm currently building a library project which is written in Kotlin. When I export an file and compile on a project, I get the following error refering to a lambda. The error I'm having on the sample app The line exception referring to in the library project Gradle file of the library project What could be the issue? "
4341	q4341	0.9271048157710902 "After update to Android studio 3.1 i'm facing this erorr Could not find org.jetbrains.kotlin:kotlin-stdlib-jre8:1.2.0"," After updating to Android Studio 3.1, I'm facing this error. Note: I'm using Java not Kotlin "
2424	q2424	0.9255964295754598 "Updated to Android Studio 3.0. Getting a \"Kotlin not configured\" error"," I just updated to Android Studio 3.0 and I'm getting this error with an existing project. Kotlin not configured. When I go to Tools>Kotlin>Configure Kotlin in Project, I get an error saying \"no configurators available.\" Also get the error below with the red java. I've also tried: -Restarting -Clean and Rebuild -Invalidate caches/restart. "
4784	q4784	0.9249099777369881 "Warning \"Kotlin plugin version is not the same as library version\" (but it is!)"," I have an Android studio project in which I have added a Java library module, which I call . My three Gradle build files look like this. project/build.gradle core/build.gradle app/build.gradle The problem I have is that, in , the line is giving me the warning . I have tried changing it to: But the warning is still there. The build still runs successfully, and I know I can surpress the warning without any problems and ignore it, but I really want to know why this is happening and how I can get rid of it. I am using Android Studio 3.0.1. Does anyone know of a solution to this? "
1131	q1131	0.9233895464275274 "Unresolved reference in Android Studio 3 Canary"," I'm trying to use Carto Mobile SDK but Android Studio keeps telling me . I have the latest Android Studio Canary, i've updated gradle and kotlin plugins and still not working. This only happens in Android Studio 3.0 Canary, it works in Android Studio 2.3.3. These are my gradle files: Project gradle: App gradle: "
1264	q1264	0.9233895464275274 "Android Studio and Kotlin: Unresolved reference: also"," also compiles and runs from Android Studio: Yet the editor highlights and as errors and don't give any help with intellisense. apply still works and when I go to source I can see the definition of both and . How do I get Android Studio to recognize ? Android Studio 2.3.3 kotlin_version = '1.1.3-2' Kotlin plugin 1.1.3-release-Studio2.3-2 I've also had this problem with earlier versions. "
5941	q5941	0.9233025473375204 "Databinding compile error after upgrading from Android Studio '3.2 Canary 16' to '3.2 Beta 1'"," I just upgraded Android Studio from 3.2 Canary 16' to '3.2 Beta 1'. Now my project no longer compiles. I'm using Kotlin + Databinding which I think is the issue. This is the build stacktrace: Gradle plugin version: Kotlin version: (jdk8) I also tried adding to the app gradle but it did not make any difference. Edit: Downgrading to Kotlin did not solve the issue. After some more testing it looks like this bug appeared in Gradle plugin version . (alpha16 works fine) "
277	q277	0.9197096659959847 "Android Plugin 2.2.0-alpha1 fails to compile with Kotlin"," After upgrading to Android build tools 2.2.0-alpha1. I can't configure the Application or build. I get the following stack trace from gradle: "
1271	q1271	0.9197096659959847 "How to configure Kotlin version in Android Studio?"," I have configured the Kotlin version in project's build.gradle. But in Other Settings->Kotlin Compiler , it shows an older version. How to fix that? "
719	q719	0.918558262184076 "Kotlin Android Library Module exported with gradle maven-publish plugin not adding dependencies"," I'm trying to export an Android Library Module developed in Kotlin using gradle's plugin. aar file is successfully generated and exported however no dependency is added to it - at all, not even Kotlin ones. Below is the plugin configuration based on this answer: "
4	q4	0.9159066739060293 "Issue with Kotlin after Android Studio was updated to 0.6"," After Android Studio being updated to 0.6, Kotlin project gradle sync is failing. The log contains: Any hints how to solve it? EDIT: My build script is following: UPDATE: I have also tried to update Kotlin to version 0.7.895, but it does not help. UPDATE2: I have found the corresponding issue: http://youtrack.jetbrains.com/issue/KT-5219 "
4351	q4351	0.9159066739060293 "New kotlin files in old java project - 'Unresolved reference' R"," Have an already existing java project. Trying to add new kotlin files to it. AndroidStudio 3.1 complains that R is an \"Unresolved reference\". I can manually import R and it builds without error. But why is R not automatically imported as always? Edit- clean&build or restarting AS didnot help. "
6603	q6603	0.9159066739060293 "Error: \"Only the Kotlin standard library is allowed to use the 'kotlin' package\""," I want to build my first kotlin project in Android studio 3.0.1 . but i got these 2 errors : Only the Kotlin standard library is allowed to use the 'kotlin' package . Error:Execution failed for task ':app:compileDebugKotlin'. how can i use or add the Kotlin standard library? manifest: gradle: "
4647	q4647	0.9154193512647064 "Facing some unknown issue some backend jvm internal error"," I am facing some unknown issue looks like it is some internal compiler error: these are the error when building apk: Any help would be appreciated. "
8375	q8375	0.9141093676508844 "java compiler in Android studio 3.2 and 3.3 canary 13 shows a lot of warning"," When updating Android studio, after built many warning are shown, and I couldn't ignore them, I tried to resolve them but I didn't find any way, so is there any solution and what should I update? Android Studio 3.2 gralde plugin version : classpath 'com.android.tools.build:gradle:3.3.0-alpha13' app.gradle apply plugin: 'com.android.application' log "
9105	q9105	0.9078159108612651 "Android Studio 3.2.1 with new dataBinding import doesn't compile"," How can I resolve this issue? I installed a new Android Studio on my macOS and I would Like import dataBinding e to follow a tutorial about this technology. But when I import the dependencies and build the following error is shown. (Android Studio 3.2.1 Build #AI-181.5540.7.32.5056338, built on October 8, 2018 JRE: 1.8.0_152-release-1136-b06 x86_64 JVM: OpenJDK 64-Bit Server VM by JetBrains s.r.o macOS 10.14.1) I have created a new project and Empty Activity with the following app.gradle and the error persists. It is necessary to uninstall the Android Studio? "
2283	q2283	0.9068038002121568 "Gradle sync failed: Could not GET 'https://jcenter.bintray.com/org/jetbrains/kotlin/kotlin-gradle-plugin/1.1.3-2/kotlin-gradle-plugin-1.1.3-2.pom'"," Recently, I update the code from my team, I find they have been using Kotlin. However, I can't run my project now. Below is the detail logs: udpate: I downloaded the file \"kotlin-gradle-plugin-1.1.3-2.pom\" from my browser just now, please tell me which directory should I copy this file to? "
875	q875	0.9059235702889458 "when old app build in android 3.0 ginving error"," Error:FAILURE: Build failed with an exception. What went wrong: Circular dependency between the following tasks: :app:compileDebugKotlin --- :app:dataBindingExportBuildInfoDebug --- :app:compileDebugKotlin (*) (*) - details omitted (listed previously) Try: Run with --debug option to get more log output. Exception is: org.gradle.api.CircularReferenceException: Circular dependency between the following tasks: :app:compileDebugKotlin --- :app:dataBindingExportBuildInfoDebug --- :app:compileDebugKotlin (*) (*) - details omitted (listed previously) "
8087	q8087	0.901561558174512 "Build jitpack library with multi flavor in Android"," I am using Gradle 4.1 with Gradle-Android plugin 3.0.1 on Android Studio 3.2 I have 2 flavors 'production' and 'staging' and I am unable to build my project as a library with different build variants. app build.gradle: ... Then I run: ./gradlew clean install, errors I got is: Execution failed for task ‘:app:install’. And to get this code to compile, I need to swap android.publishNonDefault with true, otherwise I will get an error of: Any suggestions or hint would be really helpful, the aim is to build the library module on jitpack, where we can import it in project with build variants. thanks! "
9162	q9162	0.9013274917681863 "Android - Build fails with databinding and kapt with gradle 3.2.1"," I'm facing a problem with databinding and kapt I am using kotlin with Android Studio 3.2.1 The problem is when I use kapt (which I have to use I think if I want to use DBFlow), the build fails. I have tried several solutions I found like invalidating caches and restarting or cleaning the project and rebuilding it, adding or deleting kapt 'com.android.databinding:compiler:3.1.4' but it is apparently useless to add it with the recent versions of kapt Here is the gradle file of the project And the gradle file of the app When the app is building it can't find in the DataBinderMapperImpl class the BindingImpl classes [Edit] I have this error without adding the line : And after adding kapt \"com.android.databinding:compiler:$android_plugin_version\" : Do you have any idea of what could be the cause of this issue? "
1979	q1979	0.8997498095727308 "android - Running app fails with error 'com.android.builder.dexing.DexArchiveMergerException: Unable to merge dex'"," I am trying to run my application on my phone but during time it fails with the following error: What I tried so far, but to no avail: -> Clean and rebuild (fails on rebuild) -> Remove file and all project build and cache files, then cache invalidation My project gradle file: My app Gradle file: I am using Kotlin and Android Studio 3.0.0 beta 6. What is the problem? "
13	q13	0.8992721744241065 "kotlin android proguard error"," I'm trying to build an apk and proguard it but it fails with messages like: I added in my proguard.cfg, -dontwarn on kotlin.dom.** but it does not help. "
4638	q4638	0.8992721744241065 "Unable to use progaurd with kotlin and Java classes"," I'm unable to generate signed apk using . I am facing the below error. I have used the blow commands in my file "
4689	q4689	0.8967898758347899 "Android unable to build project after updating kotlin runtime to 1.2.31"," After updating kotlin runtime to 1.2.31 from 1.2.30 this morning, I was unable to build the project. Below are the build.gradle in project level. What I did is only changing the line of the ext.kotlin_version to '1.2.31'. The android studio also prompted me to upgrade the gradle plugin to 4.4, which i did but I don't know if it's related to this issue. And the errors are as below And at the end, it also said "
5208	q5208	0.8967898758347899 "kotlin-stdlib-jre7 is deprecated. Please use kotlin-stdlib-jdk7 instead"," Yesterday I updated Android Studio Version and Kotlin plugin version. Android Studio Version: 3.1.2 Kotlin Version: 1.2.41 When I create an Android project using this configuration, I get Kotlin Compiler warning saying Changed as per suggestion, then I am getting following error "
1002	q1002	0.8954909836032984 "unable to configure Kotlin"," i am unable to configure Kotlin in my android studio. getting error Error:Unable to find method'com.android.build.gradle.internal.variant.BaseVariantData.getOutputs()Ljava/util/List;'. "
4316	q4316	0.8954909836032984 "Error when building on new Android Studio 3.1"," I updated Android Studio to 3.1 stable version and get this error, when try to build project. At first there were problems with , I fixed them, then I found this issue. [this is not full version of error logs] Does anybody find solution? "
6790	q6790	0.8954909836032984 "Gradle project sync failed, Cause: org/gradle/api/internal/FeaturePreviews"," I am trying to follow the following tutorial: https://github.com/JetBrains/kotlin-native/blob/master/MULTIPLATFORM.md But when I try to build the android app from android studio, I get the following error: This is my ios/build.gradle file "
1383	q1383	0.8951632034249656 "Outdated Kotlin Runtime"," I got this message when i wanted to update the kotlin runtime: Your version of Kotlin runtime in 'kotlin-stdlib-1.1.2-4' library is 1.1.2-4, while plugin version is 1.1.3-release-Studio 3.0-2. Runtime library should be updated to avoid compatibility problems. Some of codes segment which is exist in the file build.gradle ext.kotlin_version = '1.1.2-4' classpath 'com.android.tools.build:gradle:3.0.0-alpha8' Can anyone help me to solve this issue? Thanks in advance.. "
5128	q5128	0.8951632034249656 ".kt files not recognized in Android Studio"," I opened my Studio today and Android Studio didn't recognize Kotlin files. files started showing up as just an ordinary file. I checked my Plugins and I still have the Kotlin plugin. I tried uninstalling and installing it again. But no use. I tried building my building my project from Terminal and it works fine. But Android studio doesn't understand Kotlin files. Configuration: Android Studio 3.1 Kotlin 1.2.41 OS: MacOS Sierra "
3179	q3179	0.8940919797418622 "Unable to resolve dependencies for assembleAndroidTest task with Android Gradle plugin 3.0.1"," I'm updating our project to use Gradle 4.1 and Android Gradle plugin 3.0.1. I have updated our dependency configuration to the new configuration and the project successfully compiles. However, there are lots of unresolved dependencies (incl. Kotlin standard library's top-level functions) when compiling android tests ( Gradle task). I was suspecting that Proguard might cause this (although it didn't before updating Gradle), but even adding explicit rules to keep symbols/classes doesn't help. We use Kotlin 1.2.10 and Kotlin-Kapt plugin. I appreciate any help. "
1648	q1648	0.8924266112128958 "Android studio 3 beta 2 Build failed"," When i start my First Kotlin project & install Android studio 3 beta 2 i get this problem Thank you for help . "
5429	q5429	0.8924266112128958 "Android compileTarget P appcompat library"," https://i.imgur.com/gvEwBkL.png Android Studio tells me to use a newer Version of appcompat. Is there one for Android P already? I have to target P because of AndroidX. "
4547	q4547	0.8910839837454348 "warning: Supported source version 'RELEASE_7' from annotation processor 'org.jetbrains.kotlin.kapt3.ProcessorWrapper' less than -source '1.8'"," I get this error message when I compile with Android Studio 3.1 and Kotlin. What I need to configure to avoid this warning? "
9030	q9030	0.8910839837454348 "How to set proguard for Kotlin-reflect?"," I'm currently making a module using Kotlin-reflect. When I try to build a binary as a release mode, there is no proguard error, but module is not working. I'd set proguard-rules.pro file like this. (https://github.com/square/moshi/issues/402) "
1740	q1740	0.889915328460894 "Kotlin Dokka - Can't find Dokka task in android studio"," I am new to Kotlin and Dokka; Following wikis and tutorials I've tried to setup my project for dokka documentation tool with the following lines in gradle build files: In project gradle file: In module gradle file: Android studio version is 2.3.3 After Sync, project rebuild and Android studio restart I expected a dokka task appear in \"Tools\"/\"Task & Contexts\"/\"+ Open Task\" but I can't see any. What am I missing/doing wrong? Thank you in advance "
85	q85	0.8870267673412668 "Build an Android app written in Kotlin using Buck build system"," Buck supports building Java-based Android projects. There is a project https://github.com/zserge/buckbone that adds \"experimental\" Kotlin support but it's far from being usable. Is there a way to build an Android app written in Kotlin using Buck build system? "
6176	q6176	0.8862889467946388 "How can I get latest version kotlin to update manually?"," I got an error when try to update the kotlin version automatically, that is have to update manually. But I don't know which version number is latest. So please help me to find out the latest version of option to update. Thanks "
624	q624	0.8833485734877907 "Kotlin Error : Could not find org.jetbrains.kotlin:kotlin-stdlib-jre7:1.0.7"," I installed the Kotlin plugin into my app (v. v1.1.1-release-Studio2.2-1) and then selected \"Configure Kotlin in Project\" I selected compiler and runtime version of 1.0.7. Kotlin updated my Gradle files. Now when I try to build in I get: I'm not sure what I'm missing here. "
2823	q2823	0.8829938424895375 "Could not find Kotlin classes in feature module from another module"," Could not find Kotlin classes in a module with plugin from another feature module. For example, in Android Instant Apps, Kotlin classes in \"base\" feature can't be referenced from any feature module. Gradle Version: 4.0-20170417000025+0000-all Android Plugin Version: 3.0.0-alpha3 Module Compile Sdk Version: 25 Module Build Tools Version: 26.0.0 Android SDK Tools Version: 26.0.2 Kotlin Version: 1.1.2-5 "
7257	q7257	0.8810522624541764 "convert java file to kotlin file disabled in Android studio 3.3"," After updating android studio 3.3 canary 7 . Its showing disable. Why it is disable and how can i enable it android studio latest version. "
9045	q9045	0.8801877278360948 "Multi module Android project cannot find Kotlin classes between modules"," My environment is: Android Studio 3.3 Gradle Plugin: 3.2.0 Gradle version: 4.10.1 Kotlin 1.2.71 (I've also tried 1.3.10) The codebase is split across two git repos. There's the core repo and then the main repo. Module A lives in the core repo as a library, is compiled to an AAR, and published via maven. It contains Kotlin code with es and extensions. It compiles fine and when I analyze the AAR in Android Studio, the classes.jar file shows the class with typealiases, class files, etc. intact. Then, I have a module B in the main repo. It has a Kotlin Activity class that uses several Kotlin classes from module A. When I to try to compile the code, I get unresolved references to some of the typealiases and classes. NOTE #1: before moving module A to the core repo (as part of a refactor of the app), it all compiled together in the main repo with no issues. NOTE #2: other modules in the core repo are compiled to AARs, uploaded to an internal maven repo, and correctly pulled down and compiled by module B. So, it's not the maven pipeline as far as I can tell. NOTE #3: I have the following lines applied in each module: If I move the relevant package from module A to module B, then it compiles fine. But, the relevant package is used across many modules, so I can't leave it in module B. Any ideas on why I'm getting these unresolved reference errors during compile? "
2033	q2033	0.8790887116178574 "Kotlin annotation processor gives compile time error while using Room with Android Studio 3.0 beta7"," I'm compiling Android project using Android Studio 3.0 Beta 7, using Kotlin 1.4-2 and Room Persistence Library 1.0.0-beta1. This is part of my Gradle file where I'm adding Room dependancies: While compiling I'm getting following error: After adding stacktrace/debug flags to compile options this is the error I'm getting: Clean/rebuild doesn't help. What might be causing this error? The temporary solution seems to be replacing \"kapt\" with standard \"annotationProcessor\", rebuild and then building again with \"kapt\". But after further changes in the project the error keeps popping again. [EDIT] My Gradle file (app module): Gradle (project module): "
92	q92	0.8755050036623205 "How to use Kotlin with Proguard"," I'm trying to add Kotlin to my project and I need to use proguard. Which rules should I add to proguard to support Kotlin? Thank you "
8719	q8719	0.8755050036623205 "Kotlin version issue"," (Kotlin version that is used for building with Gradle (1.2.71) differs from the one bundled into the IDE plugin (1.3.0)) How can I solve this? "
4941	q4941	0.875309968112594 "Kotlin execution environment"," Since Kotlin run on JVM and compiles to Java bytecode, can we say that the Kotlin app in Android and Java app in Android have same execution environment? "
8418	q8418	0.8752236089484257 "Can't build the android project"," I just upgrade kotlin to and now I can't compile my project. Is the first time I see this error and I haven't found any solution, please help! The error log: My app gradle file: My android studio version is 3.2. Edit Full Error Log: Full Error Log "
5484	q5484	0.8732488310310933 "Android studio 3.2 canary 16 build issue"," Android studio version: 3.2 canary 16 compileSdkVersion 'android-P' minSdkVersion 14 targetSdkVersion 27 I have just create one default android project from android studio as: New project -> choose min and max sdk version -> blank activity -> ready Build that project, create build apk from Build -> Build bundle/apks -> build apk -> copy that apk on device and install, works fine! Now, from refactor option -> refactor to AndroidX done same step again: from Build -> Build bundle/apks -> build apk -> copy that apk on device and install -> giving error as : \"App not installed\" Anyone know how to solve this? "
6189	q6189	0.8717398590793893 "Android Library Module developed in Kotlin referred in Java Application getting : Lkotlin/jvm/internal/Intrinsics exception"," Hi I am developing Android library using kotlin. And developing the Android application using Java. And I am referring the kotlin android library (aar) in the java application. Everything works fine when I add the kotlin aar as module dependency in the java application. But when I refer the same kotlin aar using local maven repo getting the following error Following is the kotlin aar build.gradle I found a post with similar issue but couldn't figure out the issue in my setup Android Library Module developed in Kotlin exported to Java Application causing Failed resolution of: Lkotlin/jvm/internal/Intrinsics Any help will be really useful. Thank "
8569	q8569	0.8716797852561528 "Adding dependencies to buildSrc for source files in buildSrc"," I added the buildSrc folder to my android project to use kotlin-dsl in my gradle scripts. Now I want to add a kotlin file to buildSrc main containing functions, that I´ll use in gradle .kts scripts (buildSrc -> src -> main -> kotlin -> TheFile.kt). In one of them I´d like to use . I see that this would be available in . How can I include such dependencies to the buildSrc folder? My build.gradle.kts currently looks like this: "
407	q407	0.8716797852561528 "Kotlin Android Compile"," I'm getting this error and can't figure out why: I think it has to do with android gradle plugin version not being compatible with kotlin gradle plugin version. I didn't upgrade anything, it worked before. But suddenly, this just started to appear and prevent the compilation process. Is there any public place where i can find the latest android studio plugin based on the latest Kotlin plugin? thanks in advances, J "
82	q82	0.8692974813692669 "Kotlin-android: unresolved reference databinding"," I have following fragment class written in Java using new databinding library It compiles and runs fine. I tried to rewrite it in Kotlin and came up with following: But now step outputs the following: How can I use android-databinding library with Kotlin? My top-level : My in app dir (only relevant parts): I'm using Android Studio 1.4, Build tools version 23.0.1, Android SDK 23, SDK tools 24.4.0 "
2280	q2280	0.8689851232615651 "duplicate entry: META-INF/myLibrary.kotlin_module"," After updating to Android 3.0, getting Kotlin error: This is my library buid.gradle file: This is my project build.gradle "
8991	q8991	0.8679833220941198 "Android - Koltin files are present in apk after compilation"," I have an android project with both java and kotlin files. After compilation, when I unzip the generated apk file, I can see all the Kotlin files of my project in their package path. The Java files however are not present. How can I fix this, and stop the Koltin files from beeing added to the apk ? Thanks My build.gradle: "
2852	q2852	0.8679833220941198 "run android studio 2.3.3 kotlin project in android studio 3.0.1 after update"," i have updated AS 2.3.3 to 3.0.1 using a patch .jar the update was successful however android studio keeps reminding me that i need to update Kotlin plugin. This Kotlin plugin was installed in the 2.3.3 version but think that android studio 3.0.1 doesn't require a Kotlin plugin. So my question is what should i do in the old project so that it works fine in AS 3.0.1 "
415	q415	0.8648774155019201 "Kotlin build failed in Android Studio"," The error: The file of the module: How to fix or diagnose this? "
4141	q4141	0.8640675774590958 "Kotlin fails to compile a library"," There's this library I created to report exceptions via email. It works well with the Android Java project but fails with Android Kotlin. When I add the compile script for the libary and tries to build the APK, am getting below error. This is my app's build.gradle file I've googled a lot and tried the solution. but it doesn't work. "
4261	q4261	0.8620357748658122 "No Compile Time Errors being displayed Android Kotlin Project"," I have created a New Kotlin Project. I am able to run the code on an Emulator. But Android Studio is missing Auto-Complete / Auto-Suggest in the Project. Please let me know, Where am i going wrong. I have pasted the build.gradle files below. .................. build.gradle ................................ ......................build.gradle ........................... .......................build.gradle ............................ // Top-level build file where you can add configuration options common to all sub-projects/modules. ......................... build.gradle .............................. "
9184	q9184	0.8620357748658122 "Android Studio 3.4 Failed to resolve all Dependencies"," I'm using new beta version of Android Studio 3.4 and kotlin dsl as bulding gradle scripts. I have a lot of modules in the project and that's why I write KotlinBuildScript extension for building projects, but I have error message for all external dependencies like \"ERROR: Failed to resolve: com.google.dagger:dagger:2.18\", \"ERROR: Failed to resolve: androidx.recyclerview:recyclerview:1.0.0\". How can I fix it? Here is my root build.gradle.kts: And my KotlinBuildScript: App module gradle: "
8952	q8952	0.8619843421257012 "DataBinding causing a Kotlin compiler error"," I have following branch in Bitbucket : https://bitbucket.org/ali-rezaei/tmdb/src/dataBinding/ I get following error when I build the project : Error is related to : in the following layout : I appreciate if you can help me out. "
4044	q4044	0.8619843421257012 "Parameter 'imageRef' is not used and Dexmerger failed- android studio"," Error showing i did multidexenabled true and clean,rebuild project. the same error is happen.. build.gradle "
8881	q8881	0.8599124425923972 "Android studio generates wrong kotlin package"," Kotlin is enabled in my android project. Also, I added Kotlin source path: When Kotlin class is created in the java folder it has correct package: When Kotlin class is created in Kotlin folder it has incorrect package: How can I fix that? Android stuido version: "
713	q713	0.85942427870416 "compileReleaseKotlin fails with java.lang.ClassNotFoundException: com.sun.tools.javac.util.Context"," I'm trying to build my Android Project (which contains a library module) via terminal using gradlew. From within Android Studio, it compiles and installs successfully but, when I try to run I get the following stacktrace: main build.gradle: module's build.gradle: IMPORTANT: I'm trying that on Elmentary OS (openjdk1.8.0) and the same project can be run on other computer using Ubuntu "
5460	q5460	0.85942427870416 "Cannot find symbol DataBindingComponent on Android Studio 3.2 Canary 16 Kotlin project"," I just created a new project on Android Studio 3.2 Canary 16 with Kotlin enabled. Then I also enabled data binding, but I'm getting an error saying that it could not find the DataBindingComponent class. Here's my project gradle: My module gradle file: My activity's xml: And here's the build output: What is wrong with my project? PS: The problem also happens on Android Studio 3.1.2 "
5628	q5628	0.8590824145812336 "Could not set unknown property 's' for source set main of type com.android.build.gradle.internal.api.DefaultAndroidSourceSet"," In android Studio, when i am trying to build the project then i am getting the problem 'Could not set unknown property 's' for source set main of type com.android.build.gradle.internal.api.DefaultAndroidSourceSet.' The unknown property is the java.srcDir s=[app/src/main/java] in the build.gradle file of app. the code of that file is given below: "
5486	q5486	0.8559998448885049 "Android project in koltin fails when execute ./gradlew build in terminal but works when run from menu"," I'm trying to work with Travis CI, and previously I have try to build my project in the Android Studio's terminal with ./gradlew build or with ./gradlew clean build but both throws \"Execution failed for task ':presentation:compileReleaseKotlin'.\" however when I build my project from the Android Studio's toolbar it works perfectly. You can see the whole stacktrace and all the information here gradle stacktrace Thanks in advance, Javi "
1046	q1046	0.8550286162728294 "Kotlin file to apk android flow?"," What is execution flow of Kotlin file to apk in android. Using Java file like this .Java file -> .class file -> classes.dex -> .apk file. Refer this for more details. "
8870	q8870	0.8550286162728294 "Migrating to Gradle plugin 3.2.1"," The project was using gradle 4.3.1 earlier now migrating to 4.8.1 with gradle plugin 3.2.1 Project itself does not use any kotlin stuff but I keep getting this error The project level build.gradle looks like Linttool seems to not able to find kotlin-stdlib-jdk8:1.2.71? "
376	q376	0.8541931518629694 "Cannot build Android project after adding Realm class"," I've created Realm class with Kotlin and after adding that the project is no longer building. How do I fix this? Dependencies: Gradle error: "
7778	q7778	0.8541931518629694 "still got error Unresolved reference even with the -keep class"," In the project it has a class in OptionalDependencies.kt and in the StartActivity.kt in the build.gradle in the also tried get error: if turn off the proguard it works fine. "
91	q91	0.8541931518629694 "Using AnkoLogger with levels other than \"info\""," I use in my Android project, but it only works when the log level is , other levels logs nothing, but the built-in Android works well. What can I do to use as a replacement of the built-in one? "
8543	q8543	0.8533700305072612 "Anroid Studio Error: Incremental out directory should be set to aar output directory"," I have imported a github project : https://github.com/caarmen/poet-assistant to my Android Studio. When I click on \"Make Project\" hammer icon, It gives the following error: Overall Error: Kotlin Compilor generatores 45 errors of many files. e.g.: Java Compilor gives this WARNING: and runtask gives this error: How to resolve them and make the project run smoothly? I have latest version of Anrdroid STudio with all the sdk, emulator, gradle updates that were needed. "
8039	q8039	0.8533700305072612 "Ionic Build on Mac for Android emulator throwing Kotlin Error"," on my mac machine i have installed android studio and set up the android home, i am able to run the app in ios emulator, however when i am trying to run the same app in android emulator using the command: I am getting the following error: A problem occurred configuring root project 'android'. lot of Kotlin updates related error, in the Android studio in the configure menu i did update the Kotlin plugins and restarted the machine as well. Any help on the same would be highly appreciated. "
7274	q7274	0.8533700305072612 "Kotlin stopped recognizing object tag"," I upgraded Android Studio and now my project fails to compile. I'm hitting which is complaining the tag. Changing to works fine, but I have a lot of my other *.kt files using this in initialization. I'm using: UPDATE In , I'm already using the latest kotlin . Tried: Invalidate Caches / Restart, Sync with File System, Sync Project with Gradle Files, Clean Project & Rebuild Project, Restart Android Studio Removed , , and in project directory, Removed directory Removed directory but to no avail. "
418	q418	0.8522660177174132 "Android Studio build failed with Kotlin"," My build.gradle: How to fix or diagnose this? "
160	q160	0.8519695128992276 "Kotlin 1.0.0-rc-1036 problems with Annotation Processing"," I have an Android App using Raizlabs DBFlow 2.2.1 and I updated my kotlin version to 1.0.0-rc-1036 but now when I try to run the app it gives me the following error: https://gist.github.com/yiyocx/3cc9cf594121eba7ab0e I tried doing a clean and run againt but this just works for the first launch, in the following launches I receive the same error as above. I think that error is due to a problem with Annotations, I'm using kapt. These are my DBFlow dependencies in app/build.gradle: "
5051	q5051	0.8512870088655783 "Cannot access activity binding android"," I have a layout file called . I am using databinding in it. Hence the file got generated. The project compiles successfully. But when I try to run the project, I get this error I am using android studio with kotlin version . Any help will be appreciated Edit Pasting my module level build.gradle and app level build.gradle Module Build.gradle App build.gradle This is the activity where I am accessing . This compiles without any error. On compiling the base module (app), this is the error I get This is my activity_suggestions.xml And I have tried clean, invalidate cache. These don't solve the problem. "
8073	q8073	0.8509557935059741 "Error: Could not get unknown property 'iosX64' for KotlinTargetPreset in Android Studio 3.1.4?"," Hi I am new to Android and Kotlin environment, I am from native iOS background. I want to create a Kotlin MultiPlatform app and it is run-on both Android and iOS. For this I am following this https://kotlinlang.org/docs/tutorials/native/mpp-ios-android.html After complete the Updating Gradle Scripts process from the above documentation I am facing issue like: Could not get unknown property 'iosX64' for KotlinTargetPreset container of type org.gradle.api.internal.FactoryNamedDomainObjectContainer. and my build.gradle file path is /Kotlin_Practice/KTMPDemo/SharedCode/build.gradle build.gradle Can I update / downgrade my Gradle ?? How can I fix this above issue? Thank you. My system Configuration: Mac mini (Late 2014), macOS High Sierra, v10.13.5. Android Studio Android Studio 3.1.4 Build #AI-173.4907809, built on July 24, 2018 JRE: 1.8.0_152-release-1024-b01 x86_64 JVM: OpenJDK 64-Bit Server VM by JetBrains s.r.o "
2696	q2696	0.8507904730695522 "Error:(2, 0) Unable to find method 'org.gradle.api.internal.file.DefaultSourceDirectorySet"," I recently Upgrade My android studio to 3.0.1 When i try to create the new project i get the below error My code runs fine on older version i also upgrade the Gradle Plugin Error Build Gradle File "
7253	q7253	0.8507904730695522 "org.gradle.api.plugins.UnknownPluginException - 'org.gradle.kotlin.kotlin-dsl"," I am getting the following error while running the build in our internal CI Server. app/buildSrc/build.gradle.kts Below is the code in build.gradle.kts Even though I tried to include the repositories above or below the plugins didnt make any difference. "
